c:\dev\jusin\framework113\client\includes\debug\client.pch
c:\dev\jusin\framework113\client\includes\debug\vc141.pdb
c:\dev\jusin\framework113\client\includes\debug\vc141.idb
c:\dev\jusin\framework113\client\includes\debug\vc140.pdb
c:\dev\jusin\framework113\client\includes\debug\vc140.idb
c:\dev\jusin\framework113\client\includes\debug\stdafx.obj
c:\dev\jusin\framework113\client\includes\debug\mainapp.obj
c:\dev\jusin\framework113\client\includes\debug\client.obj
c:\dev\dx9-practice\framework113_practice\client\includes\debug\client.pch
c:\dev\dx9-practice\framework113_practice\client\includes\debug\vc140.pdb
c:\dev\dx9-practice\framework113_practice\client\includes\debug\vc140.idb
c:\dev\dx9-practice\framework113_practice\client\includes\debug\stdafx.obj
c:\dev\dx9-practice\framework113_practice\client\includes\debug\mainapp.obj
c:\dev\dx9-practice\framework113_practice\client\includes\debug\triangle.obj
c:\dev\dx9-practice\framework113_practice\client\includes\debug\client.obj
c:\dev\dx9-practice\framework113_practice\client\includes\debug\cube.obj
c:\dev\dx9-practice\framework113_practice\client\includes\debug\vertextypes.obj
c:\dev\dx9-practice\framework113_practice\client\includes\debug\teapot.obj
c:\dev\dx9-practice\framework113_practice\client\includes\debug\demomanager.obj
c:\dev\dx9-practice\framework113_practice\client\includes\debug\idemo.obj
c:\dev\dx9-practice\framework113_practice\client\includes\debug\meshesdemo.obj
c:\dev\jusin\framework113\client\bin\client.ilk
c:\dev\jusin\framework113\client\bin\client.exe
c:\dev\jusin\framework113\client\bin\client.pdb
c:\dev\dx9-practice\framework113_practice\client\bin\client.ilk
c:\dev\dx9-practice\framework113_practice\client\bin\client.exe
c:\dev\dx9-practice\framework113_practice\client\bin\client.pdb
c:\dev\jusin\framework113\client\includes\debug\client.res
c:\dev\dx9-practice\framework113_practice\client\includes\debug\client.res
c:\dev\dx9-practice\framework113_practice\client\includes\debug\vc141.idb
c:\dev\dx9-practice\framework113_practice\client\includes\debug\vc141.pdb
c:\dev\dx9-practice\framework113_practice\client\includes\../bin/client.exe
c:\dev\dx9-practice\framework113_practice\client\includes\debug\client.tlog\cl.command.1.tlog
c:\dev\dx9-practice\framework113_practice\client\includes\debug\client.tlog\cl.read.1.tlog
c:\dev\dx9-practice\framework113_practice\client\includes\debug\client.tlog\cl.write.1.tlog
c:\dev\dx9-practice\framework113_practice\client\includes\debug\client.tlog\link.command.1.tlog
c:\dev\dx9-practice\framework113_practice\client\includes\debug\client.tlog\link.delete.1.tlog
c:\dev\dx9-practice\framework113_practice\client\includes\debug\client.tlog\link.read.1.tlog
c:\dev\dx9-practice\framework113_practice\client\includes\debug\client.tlog\link.write.1.tlog
c:\dev\dx9-practice\framework113_practice\client\includes\debug\client.tlog\rc.command.1.tlog
c:\dev\dx9-practice\framework113_practice\client\includes\debug\client.tlog\rc.read.1.tlog
c:\dev\dx9-practice\framework113_practice\client\includes\debug\client.tlog\rc.write.1.tlog
